<?xml version="1.0" encoding="UTF-8"?>
<!-- Generated by org.testng.reporters.JUnitReportReporter -->
<testsuite hostname="DESKTOP-GAA2U1H" failures="0" tests="1" name="Assigmnent13082024.NewBook" time="3.063" errors="0" timestamp="2024-08-13T16:29:43 IST" skipped="0">
  <testcase classname="Assigmnent13082024.NewBook" name="book" time="3.063"/>
</testsuite> <!-- Assigmnent13082024.NewBook -->
