<?xml version="1.0" encoding="UTF-8"?>
<!-- Generated by org.testng.reporters.JUnitReportReporter -->
<testsuite hostname="DESKTOP-GAA2U1H" failures="0" tests="2" name="AuthenticationExamples.O_Auth_2_0_5_31072024" time="4.646" errors="0" timestamp="2024-08-12T15:17:42 IST" skipped="0">
  <testcase classname="AuthenticationExamples.O_Auth_2_0_5_31072024" name="generateAccessToen" time="3.609"/>
  <testcase classname="AuthenticationExamples.O_Auth_2_0_5_31072024" name="accessResourceServer" time="1.037"/>
</testsuite> <!-- AuthenticationExamples.O_Auth_2_0_5_31072024 -->
