<?xml version="1.0" encoding="UTF-8"?>
<!-- Generated by org.testng.reporters.JUnitReportReporter -->
<testsuite hostname="DESKTOP-GAA2U1H" failures="0" tests="1" name="BasicsOfSerialization_deserialization_01082024.CreateNewUser" time="3.138" errors="0" timestamp="2024-08-13T16:20:55 IST" skipped="0">
  <testcase classname="BasicsOfSerialization_deserialization_01082024.CreateNewUser" name="createUser" time="3.138"/>
</testsuite> <!-- BasicsOfSerialization_deserialization_01082024.CreateNewUser -->
