<?xml version="1.0" encoding="UTF-8"?>
<!-- Generated by org.testng.reporters.JUnitReportReporter -->
<testsuite hostname="DESKTOP-GAA2U1H" failures="0" tests="3" name="MyPractive1.MyPracticePost5_UsingDataProvider_25072024" time="3.284" errors="0" timestamp="2024-08-06T22:39:39 IST" skipped="0">
  <testcase classname="MyPractive1.MyPracticePost5_UsingDataProvider_25072024" name="addBook" time="0.156"/>
  <testcase classname="MyPractive1.MyPracticePost5_UsingDataProvider_25072024" name="addBook" time="2.983"/>
  <testcase classname="MyPractive1.MyPracticePost5_UsingDataProvider_25072024" name="addBook" time="0.145"/>
</testsuite> <!-- MyPractive1.MyPracticePost5_UsingDataProvider_25072024 -->
