<?xml version="1.0" encoding="UTF-8"?>
<!-- Generated by org.testng.reporters.JUnitReportReporter -->
<testsuite hostname="DESKTOP-GAA2U1H" failures="0" tests="1" name="Assigmnent13082024.TC_1_NewBook" time="3.166" errors="0" timestamp="2024-09-23T20:19:14 IST" skipped="0">
  <testcase classname="Assigmnent13082024.TC_1_NewBook" name="book" time="3.166"/>
</testsuite> <!-- Assigmnent13082024.TC_1_NewBook -->
