<?xml version="1.0" encoding="UTF-8"?>
<!-- Generated by org.testng.reporters.JUnitReportReporter -->
<testsuite hostname="DESKTOP-GAA2U1H" failures="0" tests="1" name="Rev_05082024_SpecBuilder.UsingSpecBuilderForGet_2" time="2.539" errors="0" timestamp="2024-08-26T18:18:10 IST" skipped="0">
  <testcase classname="Rev_05082024_SpecBuilder.UsingSpecBuilderForGet_2" name="ValidateGetRequest" time="2.539"/>
</testsuite> <!-- Rev_05082024_SpecBuilder.UsingSpecBuilderForGet_2 -->
