<?xml version="1.0" encoding="UTF-8"?>
<!-- Generated by org.testng.reporters.JUnitReportReporter -->
<testsuite hostname="DESKTOP-GAA2U1H" failures="0" tests="1" name="Rev_12082024_DBConnection_RestAssured_1.DBConnection_1" time="0.849" errors="0" timestamp="2024-09-02T13:43:15 IST" skipped="0">
  <testcase classname="Rev_12082024_DBConnection_RestAssured_1.DBConnection_1" name="getConnection" time="0.849"/>
</testsuite> <!-- Rev_12082024_DBConnection_RestAssured_1.DBConnection_1 -->
