<?xml version="1.0" encoding="UTF-8"?>
<!-- Generated by org.testng.reporters.JUnitReportReporter -->
<testsuite hostname="DESKTOP-GAA2U1H" failures="0" tests="1" name="Rev_13082024_ExcelIntg.DataFetchFromExcel_1" time="0.880" errors="0" timestamp="2024-09-02T14:18:27 IST" skipped="0">
  <testcase classname="Rev_13082024_ExcelIntg.DataFetchFromExcel_1" name="FetchTestData" time="0.880"/>
</testsuite> <!-- Rev_13082024_ExcelIntg.DataFetchFromExcel_1 -->
