<?xml version="1.0" encoding="UTF-8"?>
<!-- Generated by org.testng.reporters.JUnitReportReporter -->
<testsuite hostname="DESKTOP-GAA2U1H" failures="0" tests="2" name="Assigmnent13082024.TC_4_DeleteBook" time="0.226" errors="0" timestamp="2024-09-23T20:03:22 IST" skipped="0">
  <testcase classname="Assigmnent13082024.TC_4_DeleteBook" name="deleteBookById" time="0.123"/>
  <testcase classname="Assigmnent13082024.TC_4_DeleteBook" name="book" time="0.103"/>
</testsuite> <!-- Assigmnent13082024.TC_4_DeleteBook -->
