<?xml version="1.0" encoding="UTF-8"?>
<!-- Generated by org.testng.reporters.JUnitReportReporter -->
<testsuite hostname="DESKTOP-GAA2U1H" failures="0" tests="2" name="Assigmnent13082024.TC_3_GetBookByID" time="0.241" errors="0" timestamp="2024-09-23T20:03:22 IST" skipped="0">
  <testcase classname="Assigmnent13082024.TC_3_GetBookByID" name="getbookById" time="0.138"/>
  <testcase classname="Assigmnent13082024.TC_3_GetBookByID" name="book" time="0.103"/>
</testsuite> <!-- Assigmnent13082024.TC_3_GetBookByID -->
