<?xml version="1.0" encoding="UTF-8"?>
<!-- Generated by org.testng.reporters.JUnitReportReporter -->
<testsuite hostname="DESKTOP-GAA2U1H" failures="0" tests="1" name="SpecBuilderExamples050802024.UsingSpecBuilderforGet" time="2.111" errors="0" timestamp="2024-08-14T18:48:31 IST" skipped="0">
  <testcase classname="SpecBuilderExamples050802024.UsingSpecBuilderforGet" name="validateGetRequest" time="2.111"/>
</testsuite> <!-- SpecBuilderExamples050802024.UsingSpecBuilderforGet -->
